<?xml version="1.0" encoding="UTF-8"?>
<!-- Generated by org.testng.reporters.JUnitReportReporter -->
<testsuite hostname="LTIN184943" name="com.flipkart.automationProject.FlipkartAutomation.AppTest" tests="7" failures="0" timestamp="2 May 2022 14:28:55 GMT" time="25.467" errors="0">
  <testcase name="close" time="0.239" classname="com.flipkart.automationProject.FlipkartAutomation.AppTest"/>
  <testcase name="selectLastItem" time="9.456" classname="com.flipkart.automationProject.FlipkartAutomation.AppTest"/>
  <testcase name="openURL" time="11.625" classname="com.flipkart.automationProject.FlipkartAutomation.AppTest"/>
  <testcase name="pincode" time="0.774" classname="com.flipkart.automationProject.FlipkartAutomation.AppTest"/>
  <testcase name="takeScreenshot" time="0.783" classname="com.flipkart.automationProject.FlipkartAutomation.AppTest"/>
  <testcase name="grocery" time="2.188" classname="com.flipkart.automationProject.FlipkartAutomation.AppTest"/>
  <testcase name="searchForSugar" time="0.402" classname="com.flipkart.automationProject.FlipkartAutomation.AppTest"/>
</testsuite> <!-- com.flipkart.automationProject.FlipkartAutomation.AppTest -->
